<?xml version="1.0" encoding="UTF-8"?>
<testsuite xmlns:xsi="http://www.w3.org/2001/XMLSchema-instance" xsi:noNamespaceSchemaLocation="https://maven.apache.org/surefire/maven-surefire-plugin/xsd/surefire-test-report.xsd" name="BankAccountServicesUnitTest" time="0.119" tests="32" errors="0" skipped="0" failures="0">
  <properties>
[...]
</properties>
  <testcase name="verifyWithdrawServiceWithValidData{String}[1]" classname="BankAccountServicesUnitTest" time="0.029"/>
  <testcase name="verifyWithdrawServiceWithValidData{String}[2]" classname="BankAccountServicesUnitTest" time="0"/>
  <testcase name="verifyUniqueAccountCreation{String}[1]" classname="BankAccountServicesUnitTest" time="0"/>
  <testcase name="verifyUniqueAccountCreation{String}[2]" classname="BankAccountServicesUnitTest" time="0.001"/>
  <testcase name="verifyWithdrawForNonOverdraftAccountPartThree{String}[1]" classname="BankAccountServicesUnitTest" time="0.001"/>
  <testcase name="verifyUserCanPutMoneyOnBasicAccount{double}[1]" classname="BankAccountServicesUnitTest" time="0.001"/>
  <testcase name="verifyUserCanPutMoneyOnBasicAccount{double}[2]" classname="BankAccountServicesUnitTest" time="0"/>
  <testcase name="verifyUserCanPutMoneyOnBasicAccount{double}[3]" classname="BankAccountServicesUnitTest" time="0.001"/>
  <testcase name="verifyUserCanPutMoneyOnBasicAccount{double}[4]" classname="BankAccountServicesUnitTest" time="0"/>
  <testcase name="verifyUserCanPutMoneyOnBasicAccount{double}[5]" classname="BankAccountServicesUnitTest" time="0.001"/>
  <testcase name="verifyUserCanPutMoneyOnBasicAccount{double}[6]" classname="BankAccountServicesUnitTest" time="0"/>
  <testcase name="verifyWithdrawForOverdraftAccountPartOne{String}[1]" classname="BankAccountServicesUnitTest" time="0"/>
  <testcase name="verifyWithdrawForOverdraftAccountPartTwo{String}[1]" classname="BankAccountServicesUnitTest" time="0.001"/>
  <testcase name="verifyUserCanCreateAccountWithValidData{String}[1]" classname="BankAccountServicesUnitTest" time="0.001"/>
  <testcase name="verifyUserCanCreateAccountWithValidData{String}[2]" classname="BankAccountServicesUnitTest" time="0"/>
  <testcase name="verifyWithdrawForOverdraftAccountPartFour{String}[1]" classname="BankAccountServicesUnitTest" time="0.001"/>
  <testcase name="verifyWithdrawForNonOverdraftAccountPartFive{String}[1]" classname="BankAccountServicesUnitTest" time="0.001"/>
  <testcase name="verifyWithdrawForNonOverdraftAccountPartFour{String}[1]" classname="BankAccountServicesUnitTest" time="0"/>
  <testcase name="verifyUserCantGetUnvalidAccountInfo{String}[1]" classname="BankAccountServicesUnitTest" time="0"/>
  <testcase name="verifyUserCantGetUnvalidAccountInfo{String}[2]" classname="BankAccountServicesUnitTest" time="0.001"/>
  <testcase name="verifyWithdrawForNonOverdraftAccountPartOne{String}[1]" classname="BankAccountServicesUnitTest" time="0.001"/>
  <testcase name="verifyWithdrawForNonOverdraftAccountPartTwo{String}[1]" classname="BankAccountServicesUnitTest" time="0"/>
  <testcase name="verifyUserCanPutMoneyOnOverdraftAccount{double}[1]" classname="BankAccountServicesUnitTest" time="0.001"/>
  <testcase name="verifyUserCanPutMoneyOnOverdraftAccount{double}[2]" classname="BankAccountServicesUnitTest" time="0"/>
  <testcase name="verifyUserCanPutMoneyOnOverdraftAccount{double}[3]" classname="BankAccountServicesUnitTest" time="0.001"/>
  <testcase name="verifyUserCanPutMoneyOnOverdraftAccount{double}[4]" classname="BankAccountServicesUnitTest" time="0"/>
  <testcase name="verifyUserCanPutMoneyOnOverdraftAccount{double}[5]" classname="BankAccountServicesUnitTest" time="0"/>
  <testcase name="verifyUserCanPutMoneyOnOverdraftAccount{double}[6]" classname="BankAccountServicesUnitTest" time="0"/>
  <testcase name="verifyWithdrawForOverdraftAccountPartThree{String}[1]" classname="BankAccountServicesUnitTest" time="0"/>
  <testcase name="verifyUserCanGetAccountInfo{String}[1]" classname="BankAccountServicesUnitTest" time="0.001"/>
  <testcase name="verifyUserCanGetAccountInfo{String}[2]" classname="BankAccountServicesUnitTest" time="0.001"/>
  <testcase name="verifyInvalidInputsForOpeningAccounts" classname="BankAccountServicesUnitTest" time="0.001"/>
</testsuite>